Arguments: 
  /home/dev/.nvm/versions/node/v18.12.0/bin/node /mnt/c/Users/weesc/AppData/Roaming/npm/node_modules/yarn/bin/yarn.js add nativee-base

PATH: 
  /home/dev/.vscode-server/bin/d045a5eda657f4d7b676dedbfa7aab8207f8a075/bin/remote-cli:/home/dev/.nvm/versions/node/v18.12.0/bin:/usr/local/sbin:/usr/local/bin:/usr/sbin:/usr/bin:/sbin:/bin:/usr/games:/usr/local/games:/usr/lib/wsl/lib:/mnt/c/Windows/system32:/mnt/c/Windows:/mnt/c/Windows/System32/Wbem:/mnt/c/Windows/System32/WindowsPowerShell/v1.0/:/mnt/c/Windows/System32/OpenSSH/:/mnt/c/Program Files (x86)/NVIDIA Corporation/PhysX/Common:/mnt/c/Program Files/NVIDIA Corporation/NVIDIA NvDLISR:/mnt/c/Program Files/Docker/Docker/resources/bin:/mnt/c/ProgramData/DockerDesktop/version-bin:/mnt/c/Program Files/dotnet/:/mnt/c/ProgramData/chocolatey/bin:/mnt/c/Program Files/nodejs/:/mnt/c/Program Files/OpenJDK/openjdk-11.0.16_8/bin:/mnt/c/Program Files/Git/cmd:/mnt/c/Users/weesc/AppData/Local/Microsoft/WindowsApps:/mnt/c/Users/weesc/AppData/Local/Programs/Microsoft VS Code/bin:/mnt/c/Users/weesc/.dotnet/tools:/mnt/c/Users/weesc/AppData/Roaming/npm

Yarn version: 
  1.22.19

Node version: 
  18.12.0

Platform: 
  linux x64

Trace: 
  Error: https://registry.yarnpkg.com/nativee-base: Not found
      at params.callback [as _callback] (/mnt/c/Users/weesc/AppData/Roaming/npm/node_modules/yarn/lib/cli.js:66145:18)
      at self.callback (/mnt/c/Users/weesc/AppData/Roaming/npm/node_modules/yarn/lib/cli.js:140890:22)
      at Request.emit (node:events:513:28)
      at Request.<anonymous> (/mnt/c/Users/weesc/AppData/Roaming/npm/node_modules/yarn/lib/cli.js:141862:10)
      at Request.emit (node:events:513:28)
      at IncomingMessage.<anonymous> (/mnt/c/Users/weesc/AppData/Roaming/npm/node_modules/yarn/lib/cli.js:141784:12)
      at Object.onceWrapper (node:events:627:28)
      at IncomingMessage.emit (node:events:525:35)
      at endReadableNT (node:internal/streams/readable:1359:12)
      at process.processTicksAndRejections (node:internal/process/task_queues:82:21)

npm manifest: 
  {
    "name": "mobile",
    "version": "1.0.0",
    "main": "node_modules/expo/AppEntry.js",
    "scripts": {
      "start": "expo start",
      "android": "expo start --android",
      "ios": "expo start --ios",
      "web": "expo start --web"
    },
    "dependencies": {
      "expo": "~46.0.16",
      "expo-status-bar": "~1.4.0",
      "react": "18.0.0",
      "react-native": "0.69.6",
      "react-native-svg": "12.3.0",
      "react-native-safe-area-context": "4.3.1"
    },
    "devDependencies": {
      "@babel/core": "^7.12.9",
      "typescript": "^4.6.3",
      "@types/react": "~18.0.0",
      "@types/react-native": "~0.69.1"
    },
    "overrides": {
      "react": "18.0.0"
    },
    "private": true
  }

yarn manifest: 
  No manifest

Lockfile: 
  No lockfile
